<?xml version="1.0" encoding="UTF-8"?>
<testsuite xmlns:xsi="http://www.w3.org/2001/XMLSchema-instance" xsi:noNamespaceSchemaLocation="https://maven.apache.org/surefire/maven-surefire-plugin/xsd/surefire-test-report.xsd" name="com.example.demo.DemoApplicationTests" time="1.776" tests="1" errors="0" skipped="0" failures="0">
  <properties>
    <property name="gopherProxySet" value="false"/>
    <property name="awt.toolkit" value="sun.lwawt.macosx.LWCToolkit"/>
    <property name="file.encoding.pkg" value="sun.io"/>
    <property name="java.specification.version" value="1.8"/>
    <property name="sun.cpu.isalist" value=""/>
    <property name="sun.jnu.encoding" value="UTF-8"/>
    <property name="java.class.path" value="/Users/lipan/Desktop/学习demo/demo/target/test-classes:/Users/lipan/Desktop/学习demo/demo/target/classes:/Users/lipan/Documents/iedarpority/org/springframework/boot/spring-boot-starter/2.1.5.RELEASE/spring-boot-starter-2.1.5.RELEASE.jar:/Users/lipan/Documents/iedarpority/org/springframework/boot/spring-boot/2.1.5.RELEASE/spring-boot-2.1.5.RELEASE.jar:/Users/lipan/Documents/iedarpority/org/springframework/spring-context/5.1.7.RELEASE/spring-context-5.1.7.RELEASE.jar:/Users/lipan/Documents/iedarpority/org/springframework/spring-aop/5.1.7.RELEASE/spring-aop-5.1.7.RELEASE.jar:/Users/lipan/Documents/iedarpority/org/springframework/spring-beans/5.1.7.RELEASE/spring-beans-5.1.7.RELEASE.jar:/Users/lipan/Documents/iedarpority/org/springframework/spring-expression/5.1.7.RELEASE/spring-expression-5.1.7.RELEASE.jar:/Users/lipan/Documents/iedarpority/org/springframework/boot/spring-boot-autoconfigure/2.1.5.RELEASE/spring-boot-autoconfigure-2.1.5.RELEASE.jar:/Users/lipan/Documents/iedarpority/org/springframework/boot/spring-boot-starter-logging/2.1.5.RELEASE/spring-boot-starter-logging-2.1.5.RELEASE.jar:/Users/lipan/Documents/iedarpority/ch/qos/logback/logback-classic/1.2.3/logback-classic-1.2.3.jar:/Users/lipan/Documents/iedarpority/ch/qos/logback/logback-core/1.2.3/logback-core-1.2.3.jar:/Users/lipan/Documents/iedarpority/org/apache/logging/log4j/log4j-to-slf4j/2.11.2/log4j-to-slf4j-2.11.2.jar:/Users/lipan/Documents/iedarpority/org/apache/logging/log4j/log4j-api/2.11.2/log4j-api-2.11.2.jar:/Users/lipan/Documents/iedarpority/org/slf4j/jul-to-slf4j/1.7.26/jul-to-slf4j-1.7.26.jar:/Users/lipan/Documents/iedarpority/javax/annotation/javax.annotation-api/1.3.2/javax.annotation-api-1.3.2.jar:/Users/lipan/Documents/iedarpority/org/springframework/spring-core/5.1.7.RELEASE/spring-core-5.1.7.RELEASE.jar:/Users/lipan/Documents/iedarpority/org/springframework/spring-jcl/5.1.7.RELEASE/spring-jcl-5.1.7.RELEASE.jar:/Users/lipan/Documents/iedarpority/org/yaml/snakeyaml/1.23/snakeyaml-1.23.jar:/Users/lipan/Documents/iedarpority/org/springframework/boot/spring-boot-devtools/2.1.5.RELEASE/spring-boot-devtools-2.1.5.RELEASE.jar:/Users/lipan/Documents/iedarpority/org/projectlombok/lombok/1.18.8/lombok-1.18.8.jar:/Users/lipan/Documents/iedarpority/org/springframework/boot/spring-boot-starter-test/2.1.5.RELEASE/spring-boot-starter-test-2.1.5.RELEASE.jar:/Users/lipan/Documents/iedarpority/org/springframework/boot/spring-boot-test/2.1.5.RELEASE/spring-boot-test-2.1.5.RELEASE.jar:/Users/lipan/Documents/iedarpority/org/springframework/boot/spring-boot-test-autoconfigure/2.1.5.RELEASE/spring-boot-test-autoconfigure-2.1.5.RELEASE.jar:/Users/lipan/Documents/iedarpority/com/jayway/jsonpath/json-path/2.4.0/json-path-2.4.0.jar:/Users/lipan/Documents/iedarpority/net/minidev/json-smart/2.3/json-smart-2.3.jar:/Users/lipan/Documents/iedarpority/net/minidev/accessors-smart/1.2/accessors-smart-1.2.jar:/Users/lipan/Documents/iedarpority/org/ow2/asm/asm/5.0.4/asm-5.0.4.jar:/Users/lipan/Documents/iedarpority/org/slf4j/slf4j-api/1.7.26/slf4j-api-1.7.26.jar:/Users/lipan/Documents/iedarpority/junit/junit/4.12/junit-4.12.jar:/Users/lipan/Documents/iedarpority/org/assertj/assertj-core/3.11.1/assertj-core-3.11.1.jar:/Users/lipan/Documents/iedarpority/org/mockito/mockito-core/2.23.4/mockito-core-2.23.4.jar:/Users/lipan/Documents/iedarpority/net/bytebuddy/byte-buddy/1.9.12/byte-buddy-1.9.12.jar:/Users/lipan/Documents/iedarpority/net/bytebuddy/byte-buddy-agent/1.9.12/byte-buddy-agent-1.9.12.jar:/Users/lipan/Documents/iedarpority/org/objenesis/objenesis/2.6/objenesis-2.6.jar:/Users/lipan/Documents/iedarpority/org/hamcrest/hamcrest-core/1.3/hamcrest-core-1.3.jar:/Users/lipan/Documents/iedarpority/org/hamcrest/hamcrest-library/1.3/hamcrest-library-1.3.jar:/Users/lipan/Documents/iedarpority/org/skyscreamer/jsonassert/1.5.0/jsonassert-1.5.0.jar:/Users/lipan/Documents/iedarpority/com/vaadin/external/google/android-json/0.0.20131108.vaadin1/android-json-0.0.20131108.vaadin1.jar:/Users/lipan/Documents/iedarpority/org/springframework/spring-test/5.1.7.RELEASE/spring-test-5.1.7.RELEASE.jar:/Users/lipan/Documents/iedarpority/org/xmlunit/xmlunit-core/2.6.2/xmlunit-core-2.6.2.jar:"/>
    <property name="java.vm.vendor" value="Oracle Corporation"/>
    <property name="sun.arch.data.model" value="64"/>
    <property name="java.vendor.url" value="http://java.oracle.com/"/>
    <property name="user.timezone" value=""/>
    <property name="java.vm.specification.version" value="1.8"/>
    <property name="os.name" value="Mac OS X"/>
    <property name="user.country" value="CN"/>
    <property name="sun.java.launcher" value="SUN_STANDARD"/>
    <property name="sun.boot.library.path" value="/Library/Java/JavaVirtualMachines/jdk1.8.0_201.jdk/Contents/Home/jre/lib"/>
    <property name="sun.java.command" value="/Users/lipan/Desktop/学习demo/demo/target/surefire/surefirebooter2972242705547903121.jar /Users/lipan/Desktop/学习demo/demo/target/surefire 2019-06-06T15-22-35_891-jvmRun1 surefire319155633600059809tmp surefire_07123497122372040717tmp"/>
    <property name="surefire.test.class.path" value="/Users/lipan/Desktop/学习demo/demo/target/test-classes:/Users/lipan/Desktop/学习demo/demo/target/classes:/Users/lipan/Documents/iedarpority/org/springframework/boot/spring-boot-starter/2.1.5.RELEASE/spring-boot-starter-2.1.5.RELEASE.jar:/Users/lipan/Documents/iedarpority/org/springframework/boot/spring-boot/2.1.5.RELEASE/spring-boot-2.1.5.RELEASE.jar:/Users/lipan/Documents/iedarpority/org/springframework/spring-context/5.1.7.RELEASE/spring-context-5.1.7.RELEASE.jar:/Users/lipan/Documents/iedarpority/org/springframework/spring-aop/5.1.7.RELEASE/spring-aop-5.1.7.RELEASE.jar:/Users/lipan/Documents/iedarpority/org/springframework/spring-beans/5.1.7.RELEASE/spring-beans-5.1.7.RELEASE.jar:/Users/lipan/Documents/iedarpority/org/springframework/spring-expression/5.1.7.RELEASE/spring-expression-5.1.7.RELEASE.jar:/Users/lipan/Documents/iedarpority/org/springframework/boot/spring-boot-autoconfigure/2.1.5.RELEASE/spring-boot-autoconfigure-2.1.5.RELEASE.jar:/Users/lipan/Documents/iedarpority/org/springframework/boot/spring-boot-starter-logging/2.1.5.RELEASE/spring-boot-starter-logging-2.1.5.RELEASE.jar:/Users/lipan/Documents/iedarpority/ch/qos/logback/logback-classic/1.2.3/logback-classic-1.2.3.jar:/Users/lipan/Documents/iedarpority/ch/qos/logback/logback-core/1.2.3/logback-core-1.2.3.jar:/Users/lipan/Documents/iedarpority/org/apache/logging/log4j/log4j-to-slf4j/2.11.2/log4j-to-slf4j-2.11.2.jar:/Users/lipan/Documents/iedarpority/org/apache/logging/log4j/log4j-api/2.11.2/log4j-api-2.11.2.jar:/Users/lipan/Documents/iedarpority/org/slf4j/jul-to-slf4j/1.7.26/jul-to-slf4j-1.7.26.jar:/Users/lipan/Documents/iedarpority/javax/annotation/javax.annotation-api/1.3.2/javax.annotation-api-1.3.2.jar:/Users/lipan/Documents/iedarpority/org/springframework/spring-core/5.1.7.RELEASE/spring-core-5.1.7.RELEASE.jar:/Users/lipan/Documents/iedarpority/org/springframework/spring-jcl/5.1.7.RELEASE/spring-jcl-5.1.7.RELEASE.jar:/Users/lipan/Documents/iedarpority/org/yaml/snakeyaml/1.23/snakeyaml-1.23.jar:/Users/lipan/Documents/iedarpority/org/springframework/boot/spring-boot-devtools/2.1.5.RELEASE/spring-boot-devtools-2.1.5.RELEASE.jar:/Users/lipan/Documents/iedarpority/org/projectlombok/lombok/1.18.8/lombok-1.18.8.jar:/Users/lipan/Documents/iedarpority/org/springframework/boot/spring-boot-starter-test/2.1.5.RELEASE/spring-boot-starter-test-2.1.5.RELEASE.jar:/Users/lipan/Documents/iedarpority/org/springframework/boot/spring-boot-test/2.1.5.RELEASE/spring-boot-test-2.1.5.RELEASE.jar:/Users/lipan/Documents/iedarpority/org/springframework/boot/spring-boot-test-autoconfigure/2.1.5.RELEASE/spring-boot-test-autoconfigure-2.1.5.RELEASE.jar:/Users/lipan/Documents/iedarpority/com/jayway/jsonpath/json-path/2.4.0/json-path-2.4.0.jar:/Users/lipan/Documents/iedarpority/net/minidev/json-smart/2.3/json-smart-2.3.jar:/Users/lipan/Documents/iedarpority/net/minidev/accessors-smart/1.2/accessors-smart-1.2.jar:/Users/lipan/Documents/iedarpority/org/ow2/asm/asm/5.0.4/asm-5.0.4.jar:/Users/lipan/Documents/iedarpority/org/slf4j/slf4j-api/1.7.26/slf4j-api-1.7.26.jar:/Users/lipan/Documents/iedarpority/junit/junit/4.12/junit-4.12.jar:/Users/lipan/Documents/iedarpority/org/assertj/assertj-core/3.11.1/assertj-core-3.11.1.jar:/Users/lipan/Documents/iedarpority/org/mockito/mockito-core/2.23.4/mockito-core-2.23.4.jar:/Users/lipan/Documents/iedarpority/net/bytebuddy/byte-buddy/1.9.12/byte-buddy-1.9.12.jar:/Users/lipan/Documents/iedarpority/net/bytebuddy/byte-buddy-agent/1.9.12/byte-buddy-agent-1.9.12.jar:/Users/lipan/Documents/iedarpority/org/objenesis/objenesis/2.6/objenesis-2.6.jar:/Users/lipan/Documents/iedarpority/org/hamcrest/hamcrest-core/1.3/hamcrest-core-1.3.jar:/Users/lipan/Documents/iedarpority/org/hamcrest/hamcrest-library/1.3/hamcrest-library-1.3.jar:/Users/lipan/Documents/iedarpority/org/skyscreamer/jsonassert/1.5.0/jsonassert-1.5.0.jar:/Users/lipan/Documents/iedarpority/com/vaadin/external/google/android-json/0.0.20131108.vaadin1/android-json-0.0.20131108.vaadin1.jar:/Users/lipan/Documents/iedarpority/org/springframework/spring-test/5.1.7.RELEASE/spring-test-5.1.7.RELEASE.jar:/Users/lipan/Documents/iedarpority/org/xmlunit/xmlunit-core/2.6.2/xmlunit-core-2.6.2.jar:"/>
    <property name="sun.cpu.endian" value="little"/>
    <property name="user.home" value="/Users/lipan"/>
    <property name="user.language" value="zh"/>
    <property name="java.specification.vendor" value="Oracle Corporation"/>
    <property name="java.home" value="/Library/Java/JavaVirtualMachines/jdk1.8.0_201.jdk/Contents/Home/jre"/>
    <property name="basedir" value="/Users/lipan/Desktop/学习demo/demo"/>
    <property name="file.separator" value="/"/>
    <property name="line.separator" value="&#10;"/>
    <property name="java.vm.specification.vendor" value="Oracle Corporation"/>
    <property name="java.specification.name" value="Java Platform API Specification"/>
    <property name="java.awt.graphicsenv" value="sun.awt.CGraphicsEnvironment"/>
    <property name="surefire.real.class.path" value="/Users/lipan/Desktop/学习demo/demo/target/surefire/surefirebooter2972242705547903121.jar"/>
    <property name="sun.boot.class.path" value="/Library/Java/JavaVirtualMachines/jdk1.8.0_201.jdk/Contents/Home/jre/lib/resources.jar:/Library/Java/JavaVirtualMachines/jdk1.8.0_201.jdk/Contents/Home/jre/lib/rt.jar:/Library/Java/JavaVirtualMachines/jdk1.8.0_201.jdk/Contents/Home/jre/lib/sunrsasign.jar:/Library/Java/JavaVirtualMachines/jdk1.8.0_201.jdk/Contents/Home/jre/lib/jsse.jar:/Library/Java/JavaVirtualMachines/jdk1.8.0_201.jdk/Contents/Home/jre/lib/jce.jar:/Library/Java/JavaVirtualMachines/jdk1.8.0_201.jdk/Contents/Home/jre/lib/charsets.jar:/Library/Java/JavaVirtualMachines/jdk1.8.0_201.jdk/Contents/Home/jre/lib/jfr.jar:/Library/Java/JavaVirtualMachines/jdk1.8.0_201.jdk/Contents/Home/jre/classes"/>
    <property name="sun.management.compiler" value="HotSpot 64-Bit Tiered Compilers"/>
    <property name="java.runtime.version" value="1.8.0_201-b09"/>
    <property name="user.name" value="lipan"/>
    <property name="path.separator" value=":"/>
    <property name="os.version" value="10.14.5"/>
    <property name="java.endorsed.dirs" value="/Library/Java/JavaVirtualMachines/jdk1.8.0_201.jdk/Contents/Home/jre/lib/endorsed"/>
    <property name="java.runtime.name" value="Java(TM) SE Runtime Environment"/>
    <property name="file.encoding" value="UTF-8"/>
    <property name="java.vm.name" value="Java HotSpot(TM) 64-Bit Server VM"/>
    <property name="localRepository" value="/Users/lipan/Documents/iedarpority"/>
    <property name="java.vendor.url.bug" value="http://bugreport.sun.com/bugreport/"/>
    <property name="java.io.tmpdir" value="/var/folders/qv/4whtt_sd48xb4v5c7zt1ll0h0000gn/T/"/>
    <property name="java.version" value="1.8.0_201"/>
    <property name="user.dir" value="/Users/lipan/Desktop/学习demo/demo"/>
    <property name="os.arch" value="x86_64"/>
    <property name="java.vm.specification.name" value="Java Virtual Machine Specification"/>
    <property name="java.awt.printerjob" value="sun.lwawt.macosx.CPrinterJob"/>
    <property name="idea.version2019.1.2" value="true"/>
    <property name="sun.os.patch.level" value="unknown"/>
    <property name="java.library.path" value="/Users/lipan/Library/Java/Extensions:/Library/Java/Extensions:/Network/Library/Java/Extensions:/System/Library/Java/Extensions:/usr/lib/java:."/>
    <property name="java.vm.info" value="mixed mode"/>
    <property name="java.vendor" value="Oracle Corporation"/>
    <property name="java.vm.version" value="25.201-b09"/>
    <property name="java.ext.dirs" value="/Users/lipan/Library/Java/Extensions:/Library/Java/JavaVirtualMachines/jdk1.8.0_201.jdk/Contents/Home/jre/lib/ext:/Library/Java/Extensions:/Network/Library/Java/Extensions:/System/Library/Java/Extensions:/usr/lib/java"/>
    <property name="sun.io.unicode.encoding" value="UnicodeBig"/>
    <property name="maven.repo.local" value="/Users/lipan/Documents/iedarpority"/>
    <property name="java.class.version" value="52.0"/>
  </properties>
  <testcase name="contextLoads" classname="com.example.demo.DemoApplicationTests" time="0.247"/>
</testsuite>